<?xml version="1.0" encoding="UTF-8"?>
<!-- Generated by org.testng.reporters.JUnitReportReporter -->
<testsuite hostname="DESKTOP-NULOGCQ" failures="0" tests="1" name="cucumber.TestNGTestRunner" time="20.478" errors="1" timestamp="2026-03-18T23:06:43 IST" skipped="0">
  <testcase classname="cucumber.TestNGTestRunner" name="runScenario" time="20.478">
    <error message="The step &#039;&quot;THANKYOU FOR THE ORDER.&quot; message is displayed on confirmationpage&#039; is undefined.
You can implement this step using the snippet(s) below:

@Then(&quot;{string} message is displayed on confirmationpage&quot;)
public void message_is_displayed_on_confirmationpage(String string) {
    // Write code here that turns the phrase above into concrete actions
    throw new io.cucumber.java.PendingException();
}
" type="io.cucumber.testng.UndefinedStepException">
      <![CDATA[io.cucumber.testng.UndefinedStepException: The step '"THANKYOU FOR THE ORDER." message is displayed on confirmationpage' is undefined.
You can implement this step using the snippet(s) below:

@Then("{string} message is displayed on confirmationpage")
public void message_is_displayed_on_confirmationpage(String string) {
    // Write code here that turns the phrase above into concrete actions
    throw new io.cucumber.java.PendingException();
}

at ✽."THANKYOU FOR THE ORDER." message is displayed on confirmationpage(file:///C:/Users/amol/eclipse-workspace/seleniumframeworkdesign/src/test/java/cucumber/purchaseorder.feature:13)
]]>
    </error>
  </testcase> <!-- runScenario -->
</testsuite> <!-- cucumber.TestNGTestRunner -->
