<?xml version="1.0" encoding="UTF-8"?>
<!-- Generated by org.testng.reporters.JUnitReportReporter -->
<testsuite hostname="DESKTOP-NULOGCQ" failures="0" tests="2" name="amoltrainee.test.submitordertest" time="23.251" errors="0" timestamp="2026-02-26T14:09:03 IST" skipped="0">
  <testcase classname="amoltrainee.test.submitordertest" name="submitordertest" time="16.677"/>
  <testcase classname="amoltrainee.test.submitordertest" name="submitordertest" time="6.574"/>
</testsuite> <!-- amoltrainee.test.submitordertest -->
