<?xml version="1.0" encoding="UTF-8"?>
<!-- Generated by org.testng.reporters.JUnitXMLReporter -->
<testsuite ignored="0" hostname="DESKTOP-NULOGCQ" failures="1" tests="1" name="Default test" time="23.417" errors="0" timestamp="2026-03-18T23:06:43 IST">
  <testcase classname="io.cucumber.testng.AbstractTestNGCucumberTests" name="runScenario" time="20.478">
    <failure type="io.cucumber.testng.UndefinedStepException" message="The step &amp;apos;&amp;quot;THANKYOU FOR THE ORDER.&amp;quot; message is displayed on confirmationpage&amp;apos; is undefined.
You can implement this step using the snippet(s) below:

@Then(&amp;quot;{string} message is displayed on confirmationpage&amp;quot;)
public void message_is_displayed_on_confirmationpage(String string) {
    // Write code here that turns the phrase above into concrete actions
    throw new io.cucumber.java.PendingException();
}
">
      <![CDATA[io.cucumber.testng.UndefinedStepException: The step '"THANKYOU FOR THE ORDER." message is displayed on confirmationpage' is undefined.
You can implement this step using the snippet(s) below:

@Then("{string} message is displayed on confirmationpage")
public void message_is_displayed_on_confirmationpage(String string) {
    // Write code here that turns the phrase above into concrete actions
    throw new io.cucumber.java.PendingException();
}

at ✽."THANKYOU FOR THE ORDER." message is displayed on confirmationpage(file:///C:/Users/amol/eclipse-workspace/seleniumframeworkdesign/src/test/java/cucumber/purchaseorder.feature:13)
]]>
    </failure>
  </testcase> <!-- runScenario -->
</testsuite> <!-- Default test -->
