<?xml version="1.0" encoding="UTF-8"?>
<!-- Generated by org.testng.reporters.JUnitXMLReporter -->
<testsuite ignored="2" hostname="DESKTOP-NULOGCQ" failures="0" tests="0" time="0.043" errors="0" timestamp="2026-02-26T14:08:39 IST">
  <testcase classname="amoltrainee.test.errorvalidation" name="producterrorvalidation" time="0.0">
    <ignored/>
  </testcase> <!-- producterrorvalidation -->
  <testcase classname="amoltrainee.test.errorvalidation" name="loginerrorvalidation" time="0.0">
    <ignored/>
  </testcase> <!-- loginerrorvalidation -->
</testsuite>
