<?xml version="1.0" encoding="UTF-8"?>
<testng-results ignored="0" total="1" passed="0" failed="1" skipped="0">
  <reporter-output>
  </reporter-output>
  <suite started-at="2026-03-18T23:06:19 IST" name="Default suite" finished-at="2026-03-18T23:06:43 IST" duration-ms="23417">
    <groups>
      <group name="cucumber">
        <method signature="AbstractTestNGCucumberTests.runScenario(io.cucumber.testng.PickleWrapper,io.cucumber.testng.FeatureWrapper)[pri:0, instance:cucumber.TestNGTestRunner@6913c1fb]" name="runScenario" class="io.cucumber.testng.AbstractTestNGCucumberTests"/>
      </group> <!-- cucumber -->
    </groups>
    <test started-at="2026-03-18T23:06:19 IST" name="Default test" finished-at="2026-03-18T23:06:43 IST" duration-ms="23417">
      <class name="cucumber.TestNGTestRunner">
        <test-method is-config="true" signature="setUpClass(org.testng.ITestContext)[pri:0, instance:cucumber.TestNGTestRunner@6913c1fb]" started-at="2026-03-18T23:06:19 IST" name="setUpClass" finished-at="2026-03-18T23:06:22 IST" duration-ms="2306" status="PASS">
          <params>
            <param index="0">
              <value>
                <![CDATA[org.testng.TestRunner@77c10a5f]]>
              </value>
            </param>
          </params>
          <reporter-output>
          </reporter-output>
        </test-method> <!-- setUpClass -->
        <test-method signature="runScenario(io.cucumber.testng.PickleWrapper,io.cucumber.testng.FeatureWrapper)[pri:0, instance:cucumber.TestNGTestRunner@6913c1fb]" started-at="2026-03-18T23:06:22 IST" name="runScenario" description="Runs Cucumber Scenarios" data-provider="scenarios" finished-at="2026-03-18T23:06:42 IST" duration-ms="20478" status="FAIL">
          <params>
            <param index="0">
              <value>
                <![CDATA["Postivie Test of submit the order"]]>
              </value>
            </param>
            <param index="1">
              <value>
                <![CDATA["purchase the roder ecommerce site"]]>
              </value>
            </param>
          </params>
          <exception class="io.cucumber.testng.UndefinedStepException">
            <message>
              <![CDATA[The step '"THANKYOU FOR THE ORDER." message is displayed on confirmationpage' is undefined.
You can implement this step using the snippet(s) below:

@Then("{string} message is displayed on confirmationpage")
public void message_is_displayed_on_confirmationpage(String string) {
    // Write code here that turns the phrase above into concrete actions
    throw new io.cucumber.java.PendingException();
}
]]>
            </message>
            <full-stacktrace>
              <![CDATA[io.cucumber.testng.UndefinedStepException: The step '"THANKYOU FOR THE ORDER." message is displayed on confirmationpage' is undefined.
You can implement this step using the snippet(s) below:

@Then("{string} message is displayed on confirmationpage")
public void message_is_displayed_on_confirmationpage(String string) {
    // Write code here that turns the phrase above into concrete actions
    throw new io.cucumber.java.PendingException();
}

at ✽."THANKYOU FOR THE ORDER." message is displayed on confirmationpage(file:///C:/Users/amol/eclipse-workspace/seleniumframeworkdesign/src/test/java/cucumber/purchaseorder.feature:13)
]]>
            </full-stacktrace>
          </exception> <!-- io.cucumber.testng.UndefinedStepException -->
          <reporter-output>
          </reporter-output>
        </test-method> <!-- runScenario -->
        <test-method is-config="true" signature="tearDownClass()[pri:0, instance:cucumber.TestNGTestRunner@6913c1fb]" started-at="2026-03-18T23:06:42 IST" name="tearDownClass" finished-at="2026-03-18T23:06:43 IST" duration-ms="274" status="PASS">
          <reporter-output>
          </reporter-output>
        </test-method> <!-- tearDownClass -->
      </class> <!-- cucumber.TestNGTestRunner -->
    </test> <!-- Default test -->
  </suite> <!-- Default suite -->
</testng-results>
