<?xml version="1.0" encoding="UTF-8"?>
<!-- Generated by org.testng.reporters.JUnitXMLReporter -->
<testsuite ignored="1" hostname="DESKTOP-NULOGCQ" failures="0" tests="2" name="submitordertest" time="24.005" errors="0" timestamp="2026-02-26T14:09:03 IST">
  <testcase classname="amoltrainee.test.submitordertest" name="submitordertest" time="4.702"/>
  <testcase classname="amoltrainee.test.submitordertest" name="submitordertest" time="3.833"/>
  <testcase classname="amoltrainee.test.submitordertest" name="orderhistorytest" time="0.0">
    <ignored/>
  </testcase> <!-- orderhistorytest -->
</testsuite> <!-- submitordertest -->
